Determining if the pthread_create exist failed with the following output:
Change Dir: /home/wolle/Workspace/c/MasterSlaveTimesync/CMakeFiles/CMakeTmp

Run Build Command:"/usr/bin/make" "cmTC_d6331/fast"
/usr/bin/make -f CMakeFiles/cmTC_d6331.dir/build.make CMakeFiles/cmTC_d6331.dir/build
make[1]: Entering directory '/home/wolle/Workspace/c/MasterSlaveTimesync/CMakeFiles/CMakeTmp'
Building C object CMakeFiles/cmTC_d6331.dir/CheckSymbolExists.c.o
/usr/bin/cc     -o CMakeFiles/cmTC_d6331.dir/CheckSymbolExists.c.o   -c /home/wolle/Workspace/c/MasterSlaveTimesync/CMakeFiles/CMakeTmp/CheckSymbolExists.c
Linking C executable cmTC_d6331
/usr/bin/cmake -E cmake_link_script CMakeFiles/cmTC_d6331.dir/link.txt --verbose=1
/usr/bin/cc       CMakeFiles/cmTC_d6331.dir/CheckSymbolExists.c.o  -o cmTC_d6331 -rdynamic 
CMakeFiles/cmTC_d6331.dir/CheckSymbolExists.c.o: In function `main':
CheckSymbolExists.c:(.text+0x16): undefined reference to `pthread_create'
collect2: error: ld returned 1 exit status
CMakeFiles/cmTC_d6331.dir/build.make:97: recipe for target 'cmTC_d6331' failed
make[1]: *** [cmTC_d6331] Error 1
make[1]: Leaving directory '/home/wolle/Workspace/c/MasterSlaveTimesync/CMakeFiles/CMakeTmp'
Makefile:126: recipe for target 'cmTC_d6331/fast' failed
make: *** [cmTC_d6331/fast] Error 2

File /home/wolle/Workspace/c/MasterSlaveTimesync/CMakeFiles/CMakeTmp/CheckSymbolExists.c:
/* */
#include <pthread.h>

int main(int argc, char** argv)
{
  (void)argv;
#ifndef pthread_create
  return ((int*)(&pthread_create))[argc];
#else
  (void)argc;
  return 0;
#endif
}

Determining if the function pthread_create exists in the pthreads failed with the following output:
Change Dir: /home/wolle/Workspace/c/MasterSlaveTimesync/CMakeFiles/CMakeTmp

Run Build Command:"/usr/bin/make" "cmTC_821af/fast"
/usr/bin/make -f CMakeFiles/cmTC_821af.dir/build.make CMakeFiles/cmTC_821af.dir/build
make[1]: Entering directory '/home/wolle/Workspace/c/MasterSlaveTimesync/CMakeFiles/CMakeTmp'
Building C object CMakeFiles/cmTC_821af.dir/CheckFunctionExists.c.o
/usr/bin/cc    -DCHECK_FUNCTION_EXISTS=pthread_create   -o CMakeFiles/cmTC_821af.dir/CheckFunctionExists.c.o   -c /usr/share/cmake-3.5/Modules/CheckFunctionExists.c
Linking C executable cmTC_821af
/usr/bin/cmake -E cmake_link_script CMakeFiles/cmTC_821af.dir/link.txt --verbose=1
/usr/bin/cc   -DCHECK_FUNCTION_EXISTS=pthread_create    CMakeFiles/cmTC_821af.dir/CheckFunctionExists.c.o  -o cmTC_821af -rdynamic -lpthreads 
/usr/bin/ld: cannot find -lpthreads
collect2: error: ld returned 1 exit status
CMakeFiles/cmTC_821af.dir/build.make:97: recipe for target 'cmTC_821af' failed
make[1]: *** [cmTC_821af] Error 1
make[1]: Leaving directory '/home/wolle/Workspace/c/MasterSlaveTimesync/CMakeFiles/CMakeTmp'
Makefile:126: recipe for target 'cmTC_821af/fast' failed
make: *** [cmTC_821af/fast] Error 2


Determining if the CPU_SET_ZERO exist failed with the following output:
Change Dir: /home/wolle/Workspace/c/MasterSlaveTimesync/CMakeFiles/CMakeTmp

Run Build Command:"/usr/bin/make" "cmTC_69ade/fast"
/usr/bin/make -f CMakeFiles/cmTC_69ade.dir/build.make CMakeFiles/cmTC_69ade.dir/build
make[1]: Entering directory '/home/wolle/Workspace/c/MasterSlaveTimesync/CMakeFiles/CMakeTmp'
Building C object CMakeFiles/cmTC_69ade.dir/CheckSymbolExists.c.o
/usr/bin/cc     -o CMakeFiles/cmTC_69ade.dir/CheckSymbolExists.c.o   -c /home/wolle/Workspace/c/MasterSlaveTimesync/CMakeFiles/CMakeTmp/CheckSymbolExists.c
/home/wolle/Workspace/c/MasterSlaveTimesync/CMakeFiles/CMakeTmp/CheckSymbolExists.c: In function ‘main’:
/home/wolle/Workspace/c/MasterSlaveTimesync/CMakeFiles/CMakeTmp/CheckSymbolExists.c:8:19: error: ‘CPU_SET_ZERO’ undeclared (first use in this function)
   return ((int*)(&CPU_SET_ZERO))[argc];
                   ^
/home/wolle/Workspace/c/MasterSlaveTimesync/CMakeFiles/CMakeTmp/CheckSymbolExists.c:8:19: note: each undeclared identifier is reported only once for each function it appears in
CMakeFiles/cmTC_69ade.dir/build.make:65: recipe for target 'CMakeFiles/cmTC_69ade.dir/CheckSymbolExists.c.o' failed
make[1]: *** [CMakeFiles/cmTC_69ade.dir/CheckSymbolExists.c.o] Error 1
make[1]: Leaving directory '/home/wolle/Workspace/c/MasterSlaveTimesync/CMakeFiles/CMakeTmp'
Makefile:126: recipe for target 'cmTC_69ade/fast' failed
make: *** [cmTC_69ade/fast] Error 2

File /home/wolle/Workspace/c/MasterSlaveTimesync/CMakeFiles/CMakeTmp/CheckSymbolExists.c:
/* */
#include <sched.h>

int main(int argc, char** argv)
{
  (void)argv;
#ifndef CPU_SET_ZERO
  return ((int*)(&CPU_SET_ZERO))[argc];
#else
  (void)argc;
  return 0;
#endif
}

Determining if the sched_setaffinity exist failed with the following output:
Change Dir: /home/wolle/Workspace/c/MasterSlaveTimesync/CMakeFiles/CMakeTmp

Run Build Command:"/usr/bin/make" "cmTC_89d63/fast"
/usr/bin/make -f CMakeFiles/cmTC_89d63.dir/build.make CMakeFiles/cmTC_89d63.dir/build
make[1]: Entering directory '/home/wolle/Workspace/c/MasterSlaveTimesync/CMakeFiles/CMakeTmp'
Building C object CMakeFiles/cmTC_89d63.dir/CheckSymbolExists.c.o
/usr/bin/cc     -o CMakeFiles/cmTC_89d63.dir/CheckSymbolExists.c.o   -c /home/wolle/Workspace/c/MasterSlaveTimesync/CMakeFiles/CMakeTmp/CheckSymbolExists.c
/home/wolle/Workspace/c/MasterSlaveTimesync/CMakeFiles/CMakeTmp/CheckSymbolExists.c: In function ‘main’:
/home/wolle/Workspace/c/MasterSlaveTimesync/CMakeFiles/CMakeTmp/CheckSymbolExists.c:8:19: error: ‘sched_setaffinity’ undeclared (first use in this function)
   return ((int*)(&sched_setaffinity))[argc];
                   ^
/home/wolle/Workspace/c/MasterSlaveTimesync/CMakeFiles/CMakeTmp/CheckSymbolExists.c:8:19: note: each undeclared identifier is reported only once for each function it appears in
CMakeFiles/cmTC_89d63.dir/build.make:65: recipe for target 'CMakeFiles/cmTC_89d63.dir/CheckSymbolExists.c.o' failed
make[1]: *** [CMakeFiles/cmTC_89d63.dir/CheckSymbolExists.c.o] Error 1
make[1]: Leaving directory '/home/wolle/Workspace/c/MasterSlaveTimesync/CMakeFiles/CMakeTmp'
Makefile:126: recipe for target 'cmTC_89d63/fast' failed
make: *** [cmTC_89d63/fast] Error 2

File /home/wolle/Workspace/c/MasterSlaveTimesync/CMakeFiles/CMakeTmp/CheckSymbolExists.c:
/* */
#include <sched.h>

int main(int argc, char** argv)
{
  (void)argv;
#ifndef sched_setaffinity
  return ((int*)(&sched_setaffinity))[argc];
#else
  (void)argc;
  return 0;
#endif
}

Performing C SOURCE FILE Test cpu_set_t_exists failed with the following output:
Change Dir: /home/wolle/Workspace/c/MasterSlaveTimesync/CMakeFiles/CMakeTmp

Run Build Command:"/usr/bin/make" "cmTC_1ff04/fast"
/usr/bin/make -f CMakeFiles/cmTC_1ff04.dir/build.make CMakeFiles/cmTC_1ff04.dir/build
make[1]: Entering directory '/home/wolle/Workspace/c/MasterSlaveTimesync/CMakeFiles/CMakeTmp'
Building C object CMakeFiles/cmTC_1ff04.dir/src.c.o
/usr/bin/cc    -Dcpu_set_t_exists   -o CMakeFiles/cmTC_1ff04.dir/src.c.o   -c /home/wolle/Workspace/c/MasterSlaveTimesync/CMakeFiles/CMakeTmp/src.c
/home/wolle/Workspace/c/MasterSlaveTimesync/CMakeFiles/CMakeTmp/src.c: In function ‘main’:
/home/wolle/Workspace/c/MasterSlaveTimesync/CMakeFiles/CMakeTmp/src.c:6:35: error: expected identifier before ‘<’ token
    (void)sizeof(((cpu_set_t *)0)-><member?>);
                                   ^
CMakeFiles/cmTC_1ff04.dir/build.make:65: recipe for target 'CMakeFiles/cmTC_1ff04.dir/src.c.o' failed
make[1]: *** [CMakeFiles/cmTC_1ff04.dir/src.c.o] Error 1
make[1]: Leaving directory '/home/wolle/Workspace/c/MasterSlaveTimesync/CMakeFiles/CMakeTmp'
Makefile:126: recipe for target 'cmTC_1ff04/fast' failed
make: *** [cmTC_1ff04/fast] Error 2

Source file was:

#include <sched.h>

int main()
{
   (void)sizeof(((cpu_set_t *)0)-><member?>);
   return 0;
}

